0 info it worked if it ends with ok
1 verbose cli [ 'D:\\software\\develop\\nodeJS\\installLocation\\node.exe',
1 verbose cli   'D:\\software\\develop\\nodeJS\\installLocation\\node_modules\\npm\\bin\\npm-cli.js',
1 verbose cli   'start' ]
2 info using npm@3.10.10
3 info using node@v6.11.2
4 verbose run-script [ 'prestart', 'start', 'poststart' ]
5 info lifecycle imitatezh@1.0.0~prestart: imitatezh@1.0.0
6 silly lifecycle imitatezh@1.0.0~prestart: no script for prestart, continuing
7 info lifecycle imitatezh@1.0.0~start: imitatezh@1.0.0
8 verbose lifecycle imitatezh@1.0.0~start: unsafe-perm in lifecycle true
9 verbose lifecycle imitatezh@1.0.0~start: PATH: D:\software\develop\nodeJS\installLocation\node_modules\npm\bin\node-gyp-bin;E:\privateData\workplace\android\work2\rn\ImitateZhiHu\node_modules\.bin;C:\ProgramData\Oracle\Java\javapath;C:\windows\system32;C:\windows;C:\windows\System32\Wbem;C:\windows\System32\WindowsPowerShell\v1.0\;C:\Program Files\Java\jdk1.8.0_101\bin;D:\software\develop\nodeJS\installLocation\;D:\AndroidStudio\SDK\platform-tools;;D:\software\develop\ruby\installLocation\Ruby24\bin;D:\software\develop\nodeJS\installLocation\node_global;C:\Users\liusiyang\AppData\Local\atom\bin
10 verbose lifecycle imitatezh@1.0.0~start: CWD: E:\privateData\workplace\android\work2\rn\ImitateZhiHu
11 silly lifecycle imitatezh@1.0.0~start: Args: [ '/d /s /c',
11 silly lifecycle   'node node_modules/react-native/local-cli/cli.js start' ]
12 silly lifecycle imitatezh@1.0.0~start: Returned: code: 3221225786  signal: null
13 info lifecycle imitatezh@1.0.0~start: Failed to exec start script
14 verbose stack Error: imitatezh@1.0.0 start: `node node_modules/react-native/local-cli/cli.js start`
14 verbose stack Exit status 3221225786
14 verbose stack     at EventEmitter.<anonymous> (D:\software\develop\nodeJS\installLocation\node_modules\npm\lib\utils\lifecycle.js:255:16)
14 verbose stack     at emitTwo (events.js:106:13)
14 verbose stack     at EventEmitter.emit (events.js:191:7)
14 verbose stack     at ChildProcess.<anonymous> (D:\software\develop\nodeJS\installLocation\node_modules\npm\lib\utils\spawn.js:40:14)
14 verbose stack     at emitTwo (events.js:106:13)
14 verbose stack     at ChildProcess.emit (events.js:191:7)
14 verbose stack     at maybeClose (internal/child_process.js:891:16)
14 verbose stack     at Process.ChildProcess._handle.onexit (internal/child_process.js:226:5)
15 verbose pkgid imitatezh@1.0.0
16 verbose cwd E:\privateData\workplace\android\work2\rn\ImitateZhiHu
17 error Windows_NT 6.1.7601
18 error argv "D:\\software\\develop\\nodeJS\\installLocation\\node.exe" "D:\\software\\develop\\nodeJS\\installLocation\\node_modules\\npm\\bin\\npm-cli.js" "start"
19 error node v6.11.2
20 error npm  v3.10.10
21 error code ELIFECYCLE
22 error imitatezh@1.0.0 start: `node node_modules/react-native/local-cli/cli.js start`
22 error Exit status 3221225786
23 error Failed at the imitatezh@1.0.0 start script 'node node_modules/react-native/local-cli/cli.js start'.
23 error Make sure you have the latest version of node.js and npm installed.
23 error If you do, this is most likely a problem with the imitatezh package,
23 error not with npm itself.
23 error Tell the author that this fails on your system:
23 error     node node_modules/react-native/local-cli/cli.js start
23 error You can get information on how to open an issue for this project with:
23 error     npm bugs imitatezh
23 error Or if that isn't available, you can get their info via:
23 error     npm owner ls imitatezh
23 error There is likely additional logging output above.
24 verbose exit [ 1, true ]
